# JRE version: OpenJDK Runtime Environment (8.0_152-b01) (build 1.8.0_152-release-915-b01)
# Java VM: OpenJDK 64-Bit Server VM (25.152-b01 mixed mode windows-amd64 compressed oops)
Heap:
 PSYoungGen      total 428544K, used 42246K [0x00000000e0000000, 0x00000000fde80000, 0x0000000100000000)
  eden space 387584K, 3% used [0x00000000e0000000,0x00000000e0e85f80,0x00000000f7a80000)
  from space 40960K, 66% used [0x00000000fb680000,0x00000000fd13bb30,0x00000000fde80000)
  to   space 51200K, 0% used [0x00000000f7a80000,0x00000000f7a80000,0x00000000fac80000)
 ParOldGen       total 253952K, used 90182K [0x00000000a0000000, 0x00000000af800000, 0x00000000e0000000)
  object space 253952K, 35% used [0x00000000a0000000,0x00000000a5811998,0x00000000af800000)
 Metaspace       used 84015K, capacity 87018K, committed 87320K, reserved 1124352K
  class space    used 10770K, capacity 11434K, committed 11560K, reserved 1048576K
GC Heap History (10 events):
Event: 14.348 GC heap before
{Heap before GC invocations=13 (full 3):
 PSYoungGen      total 241152K, used 241148K [0x00000000e0000000, 0x00000000f3280000, 0x0000000100000000)
  eden space 218112K, 100% used [0x00000000e0000000,0x00000000ed500000,0x00000000ed500000)
  from space 23040K, 99% used [0x00000000ed500000,0x00000000eeb7f058,0x00000000eeb80000)
  to   space 26624K, 0% used [0x00000000f1880000,0x00000000f1880000,0x00000000f3280000)
 ParOldGen       total 253952K, used 39945K [0x00000000a0000000, 0x00000000af800000, 0x00000000e0000000)
  object space 253952K, 15% used [0x00000000a0000000,0x00000000a2702478,0x00000000af800000)
 Metaspace       used 66262K, capacity 67882K, committed 68120K, reserved 1107968K
  class space    used 8709K, capacity 9178K, committed 9256K, reserved 1048576K
Event: 14.391 GC heap after
Heap after GC invocations=13 (full 3):
 PSYoungGen      total 278016K, used 26613K [0x00000000e0000000, 0x00000000f4180000, 0x0000000100000000)
  eden space 251392K, 0% used [0x00000000e0000000,0x00000000e0000000,0x00000000ef580000)
  from space 26624K, 99% used [0x00000000f1880000,0x00000000f327d568,0x00000000f3280000)
  to   space 35840K, 0% used [0x00000000ef580000,0x00000000ef580000,0x00000000f1880000)
 ParOldGen       total 253952K, used 54624K [0x00000000a0000000, 0x00000000af800000, 0x00000000e0000000)
  object space 253952K, 21% used [0x00000000a0000000,0x00000000a3558030,0x00000000af800000)
 Metaspace       used 66262K, capacity 67882K, committed 68120K, reserved 1107968K
  class space    used 8709K, capacity 9178K, committed 9256K, reserved 1048576K
}
Event: 15.198 GC heap before
{Heap before GC invocations=14 (full 3):
 PSYoungGen      total 278016K, used 278005K [0x00000000e0000000, 0x00000000f4180000, 0x0000000100000000)
  eden space 251392K, 100% used [0x00000000e0000000,0x00000000ef580000,0x00000000ef580000)
  from space 26624K, 99% used [0x00000000f1880000,0x00000000f327d568,0x00000000f3280000)
  to   space 35840K, 0% used [0x00000000ef580000,0x00000000ef580000,0x00000000f1880000)
 ParOldGen       total 253952K, used 54632K [0x00000000a0000000, 0x00000000af800000, 0x00000000e0000000)
  object space 253952K, 21% used [0x00000000a0000000,0x00000000a355a040,0x00000000af800000)
 Metaspace       used 66883K, capacity 68616K, committed 68888K, reserved 1110016K
  class space    used 8775K, capacity 9237K, committed 9256K, reserved 1048576K
Event: 15.266 GC heap after
Heap after GC invocations=14 (full 3):
 PSYoungGen      total 287232K, used 35816K [0x00000000e0000000, 0x00000000fa380000, 0x0000000100000000)
  eden space 251392K, 0% used [0x00000000e0000000,0x00000000e0000000,0x00000000ef580000)
  from space 35840K, 99% used [0x00000000ef580000,0x00000000f187a148,0x00000000f1880000)
  to   space 52736K, 0% used [0x00000000f7000000,0x00000000f7000000,0x00000000fa380000)
 ParOldGen       total 253952K, used 85864K [0x00000000a0000000, 0x00000000af800000, 0x00000000e0000000)
  object space 253952K, 33% used [0x00000000a0000000,0x00000000a53da1d0,0x00000000af800000)
 Metaspace       used 66883K, capacity 68616K, committed 68888K, reserved 1110016K
  class space    used 8775K, capacity 9237K, committed 9256K, reserved 1048576K
}
Event: 17.236 GC heap before
{Heap before GC invocations=15 (full 3):
 PSYoungGen      total 287232K, used 287208K [0x00000000e0000000, 0x00000000fa380000, 0x0000000100000000)
  eden space 251392K, 100% used [0x00000000e0000000,0x00000000ef580000,0x00000000ef580000)
  from space 35840K, 99% used [0x00000000ef580000,0x00000000f187a148,0x00000000f1880000)
  to   space 52736K, 0% used [0x00000000f7000000,0x00000000f7000000,0x00000000fa380000)
 ParOldGen       total 253952K, used 85868K [0x00000000a0000000, 0x00000000af800000, 0x00000000e0000000)
  object space 253952K, 33% used [0x00000000a0000000,0x00000000a53db0d0,0x00000000af800000)
 Metaspace       used 75564K, capacity 78018K, committed 78360K, reserved 1118208K
  class space    used 9867K, capacity 10444K, committed 10536K, reserved 1048576K
Event: 17.278 GC heap after
Heap after GC invocations=15 (full 3):
 PSYoungGen      total 373760K, used 36741K [0x00000000e0000000, 0x00000000fa480000, 0x0000000100000000)
  eden space 321024K, 0% used [0x00000000e0000000,0x00000000e0000000,0x00000000f3980000)
  from space 52736K, 69% used [0x00000000f7000000,0x00000000f93e16f0,0x00000000fa380000)
  to   space 54784K, 0% used [0x00000000f3980000,0x00000000f3980000,0x00000000f6f00000)
 ParOldGen       total 253952K, used 90166K [0x00000000a0000000, 0x00000000af800000, 0x00000000e0000000)
  object space 253952K, 35% used [0x00000000a0000000,0x00000000a580d998,0x00000000af800000)
 Metaspace       used 75564K, capacity 78018K, committed 78360K, reserved 1118208K
  class space    used 9867K, capacity 10444K, committed 10536K, reserved 1048576K
}
Event: 72.217 GC heap before
{Heap before GC invocations=16 (full 3):
 PSYoungGen      total 373760K, used 357765K [0x00000000e0000000, 0x00000000fa480000, 0x0000000100000000)
  eden space 321024K, 100% used [0x00000000e0000000,0x00000000f3980000,0x00000000f3980000)
  from space 52736K, 69% used [0x00000000f7000000,0x00000000f93e16f0,0x00000000fa380000)
  to   space 54784K, 0% used [0x00000000f3980000,0x00000000f3980000,0x00000000f6f00000)
 ParOldGen       total 253952K, used 90166K [0x00000000a0000000, 0x00000000af800000, 0x00000000e0000000)
  object space 253952K, 35% used [0x00000000a0000000,0x00000000a580d998,0x00000000af800000)
 Metaspace       used 82950K, capacity 85872K, committed 86168K, reserved 1124352K
  class space    used 10747K, capacity 11373K, committed 11432K, reserved 1048576K
Event: 72.234 GC heap after
Heap after GC invocations=16 (full 3):
 PSYoungGen      total 375808K, used 20195K [0x00000000e0000000, 0x00000000fe980000, 0x0000000100000000)
  eden space 321024K, 0% used [0x00000000e0000000,0x00000000e0000000,0x00000000f3980000)
  from space 54784K, 36% used [0x00000000f3980000,0x00000000f4d38fe0,0x00000000f6f00000)
  to   space 52224K, 0% used [0x00000000fb680000,0x00000000fb680000,0x00000000fe980000)
 ParOldGen       total 253952K, used 90174K [0x00000000a0000000, 0x00000000af800000, 0x00000000e0000000)
  object space 253952K, 35% used [0x00000000a0000000,0x00000000a580f998,0x00000000af800000)
 Metaspace       used 82950K, capacity 85872K, committed 86168K, reserved 1124352K
  class space    used 10747K, capacity 11373K, committed 11432K, reserved 1048576K
}
Event: 76.926 GC heap before
{Heap before GC invocations=17 (full 3):
 PSYoungGen      total 375808K, used 341219K [0x00000000e0000000, 0x00000000fe980000, 0x0000000100000000)
  eden space 321024K, 100% used [0x00000000e0000000,0x00000000f3980000,0x00000000f3980000)
  from space 54784K, 36% used [0x00000000f3980000,0x00000000f4d38fe0,0x00000000f6f00000)
  to   space 52224K, 0% used [0x00000000fb680000,0x00000000fb680000,0x00000000fe980000)
 ParOldGen       total 253952K, used 90174K [0x00000000a0000000, 0x00000000af800000, 0x00000000e0000000)
  object space 253952K, 35% used [0x00000000a0000000,0x00000000a580f998,0x00000000af800000)
 Metaspace       used 84003K, capacity 87018K, committed 87320K, reserved 1124352K
  class space    used 10770K, capacity 11434K, committed 11560K, reserved 1048576K
Event: 76.953 GC heap after
Heap after GC invocations=17 (full 3):
 PSYoungGen      total 428544K, used 27374K [0x00000000e0000000, 0x00000000fde80000, 0x0000000100000000)
  eden space 387584K, 0% used [0x00000000e0000000,0x00000000e0000000,0x00000000f7a80000)
  from space 40960K, 66% used [0x00000000fb680000,0x00000000fd13bb30,0x00000000fde80000)
  to   space 51200K, 0% used [0x00000000f7a80000,0x00000000f7a80000,0x00000000fac80000)
 ParOldGen       total 253952K, used 90182K [0x00000000a0000000, 0x00000000af800000, 0x00000000e0000000)
  object space 253952K, 35% used [0x00000000a0000000,0x00000000a5811998,0x00000000af800000)
 Metaspace       used 84003K, capacity 87018K, committed 87320K, reserved 1124352K
  class space    used 10770K, capacity 11434K, committed 11560K, reserved 1048576K
}

