# JRE version: OpenJDK Runtime Environment (8.0_152-b01) (build 1.8.0_152-release-915-b01)
# Java VM: OpenJDK 64-Bit Server VM (25.152-b01 mixed mode windows-amd64 compressed oops)
Heap:
 PSYoungGen      total 328192K, used 201949K [0x00000000e0000000, 0x00000000fb980000, 0x0000000100000000)
  eden space 302592K, 58% used [0x00000000e0000000,0x00000000eac3e650,0x00000000f2780000)
  from space 25600K, 99% used [0x00000000f2780000,0x00000000f4079028,0x00000000f4080000)
  to   space 34304K, 0% used [0x00000000f9800000,0x00000000f9800000,0x00000000fb980000)
 ParOldGen       total 199168K, used 45061K [0x00000000a0000000, 0x00000000ac280000, 0x00000000e0000000)
  object space 199168K, 22% used [0x00000000a0000000,0x00000000a2c016f0,0x00000000ac280000)
 Metaspace       used 85321K, capacity 88470K, committed 88744K, reserved 1126400K
  class space    used 11280K, capacity 12083K, committed 12208K, reserved 1048576K
GC Heap History (10 events):
Event: 8.055 GC heap before
{Heap before GC invocations=10 (full 2):
 PSYoungGen      total 156160K, used 156128K [0x00000000e0000000, 0x00000000efd80000, 0x0000000100000000)
  eden space 142336K, 100% used [0x00000000e0000000,0x00000000e8b00000,0x00000000e8b00000)
  from space 13824K, 99% used [0x00000000e8b00000,0x00000000e98781b8,0x00000000e9880000)
  to   space 17920K, 0% used [0x00000000eec00000,0x00000000eec00000,0x00000000efd80000)
 ParOldGen       total 152064K, used 19820K [0x00000000a0000000, 0x00000000a9480000, 0x00000000e0000000)
  object space 152064K, 13% used [0x00000000a0000000,0x00000000a135b270,0x00000000a9480000)
 Metaspace       used 56652K, capacity 57832K, committed 58024K, reserved 1099776K
  class space    used 7666K, capacity 8029K, committed 8112K, reserved 1048576K
Event: 8.072 GC heap after
Heap after GC invocations=10 (full 2):
 PSYoungGen      total 234496K, used 17915K [0x00000000e0000000, 0x00000000eff80000, 0x0000000100000000)
  eden space 216576K, 0% used [0x00000000e0000000,0x00000000e0000000,0x00000000ed380000)
  from space 17920K, 99% used [0x00000000eec00000,0x00000000efd7ed70,0x00000000efd80000)
  to   space 22528K, 0% used [0x00000000ed380000,0x00000000ed380000,0x00000000ee980000)
 ParOldGen       total 152064K, used 25309K [0x00000000a0000000, 0x00000000a9480000, 0x00000000e0000000)
  object space 152064K, 16% used [0x00000000a0000000,0x00000000a18b7490,0x00000000a9480000)
 Metaspace       used 56652K, capacity 57832K, committed 58024K, reserved 1099776K
  class space    used 7666K, capacity 8029K, committed 8112K, reserved 1048576K
}
Event: 8.131 GC heap before
{Heap before GC invocations=11 (full 2):
 PSYoungGen      total 234496K, used 31847K [0x00000000e0000000, 0x00000000eff80000, 0x0000000100000000)
  eden space 216576K, 6% used [0x00000000e0000000,0x00000000e0d9b1b0,0x00000000ed380000)
  from space 17920K, 99% used [0x00000000eec00000,0x00000000efd7ed70,0x00000000efd80000)
  to   space 22528K, 0% used [0x00000000ed380000,0x00000000ed380000,0x00000000ee980000)
 ParOldGen       total 152064K, used 25309K [0x00000000a0000000, 0x00000000a9480000, 0x00000000e0000000)
  object space 152064K, 16% used [0x00000000a0000000,0x00000000a18b7490,0x00000000a9480000)
 Metaspace       used 57823K, capacity 58996K, committed 59160K, reserved 1099776K
  class space    used 7737K, capacity 8095K, committed 8112K, reserved 1048576K
Event: 8.144 GC heap after
Heap after GC invocations=11 (full 2):
 PSYoungGen      total 239104K, used 15744K [0x00000000e0000000, 0x00000000f5980000, 0x0000000100000000)
  eden space 216576K, 0% used [0x00000000e0000000,0x00000000e0000000,0x00000000ed380000)
  from space 22528K, 69% used [0x00000000ed380000,0x00000000ee2e02e8,0x00000000ee980000)
  to   space 23040K, 0% used [0x00000000f4300000,0x00000000f4300000,0x00000000f5980000)
 ParOldGen       total 152064K, used 25317K [0x00000000a0000000, 0x00000000a9480000, 0x00000000e0000000)
  object space 152064K, 16% used [0x00000000a0000000,0x00000000a18b9490,0x00000000a9480000)
 Metaspace       used 57823K, capacity 58996K, committed 59160K, reserved 1099776K
  class space    used 7737K, capacity 8095K, committed 8112K, reserved 1048576K
}
Event: 8.144 GC heap before
{Heap before GC invocations=12 (full 3):
 PSYoungGen      total 239104K, used 15744K [0x00000000e0000000, 0x00000000f5980000, 0x0000000100000000)
  eden space 216576K, 0% used [0x00000000e0000000,0x00000000e0000000,0x00000000ed380000)
  from space 22528K, 69% used [0x00000000ed380000,0x00000000ee2e02e8,0x00000000ee980000)
  to   space 23040K, 0% used [0x00000000f4300000,0x00000000f4300000,0x00000000f5980000)
 ParOldGen       total 152064K, used 25317K [0x00000000a0000000, 0x00000000a9480000, 0x00000000e0000000)
  object space 152064K, 16% used [0x00000000a0000000,0x00000000a18b9490,0x00000000a9480000)
 Metaspace       used 57823K, capacity 58996K, committed 59160K, reserved 1099776K
  class space    used 7737K, capacity 8095K, committed 8112K, reserved 1048576K
Event: 8.359 GC heap after
Heap after GC invocations=12 (full 3):
 PSYoungGen      total 239104K, used 0K [0x00000000e0000000, 0x00000000f5980000, 0x0000000100000000)
  eden space 216576K, 0% used [0x00000000e0000000,0x00000000e0000000,0x00000000ed380000)
  from space 22528K, 0% used [0x00000000ed380000,0x00000000ed380000,0x00000000ee980000)
  to   space 23040K, 0% used [0x00000000f4300000,0x00000000f4300000,0x00000000f5980000)
 ParOldGen       total 199168K, used 29753K [0x00000000a0000000, 0x00000000ac280000, 0x00000000e0000000)
  object space 199168K, 14% used [0x00000000a0000000,0x00000000a1d0e4c8,0x00000000ac280000)
 Metaspace       used 57823K, capacity 58996K, committed 59160K, reserved 1099776K
  class space    used 7737K, capacity 8095K, committed 8112K, reserved 1048576K
}
Event: 12.717 GC heap before
{Heap before GC invocations=13 (full 3):
 PSYoungGen      total 239104K, used 216576K [0x00000000e0000000, 0x00000000f5980000, 0x0000000100000000)
  eden space 216576K, 100% used [0x00000000e0000000,0x00000000ed380000,0x00000000ed380000)
  from space 22528K, 0% used [0x00000000ed380000,0x00000000ed380000,0x00000000ee980000)
  to   space 23040K, 0% used [0x00000000f4300000,0x00000000f4300000,0x00000000f5980000)
 ParOldGen       total 199168K, used 29753K [0x00000000a0000000, 0x00000000ac280000, 0x00000000e0000000)
  object space 199168K, 14% used [0x00000000a0000000,0x00000000a1d0e4c8,0x00000000ac280000)
 Metaspace       used 69267K, capacity 71084K, committed 71208K, reserved 1110016K
  class space    used 9185K, capacity 9724K, committed 9776K, reserved 1048576K
Event: 12.740 GC heap after
Heap after GC invocations=13 (full 3):
 PSYoungGen      total 314368K, used 22693K [0x00000000e0000000, 0x00000000f5980000, 0x0000000100000000)
  eden space 291328K, 0% used [0x00000000e0000000,0x00000000e0000000,0x00000000f1c80000)
  from space 23040K, 98% used [0x00000000f4300000,0x00000000f5929618,0x00000000f5980000)
  to   space 25600K, 0% used [0x00000000f2780000,0x00000000f2780000,0x00000000f4080000)
 ParOldGen       total 199168K, used 29761K [0x00000000a0000000, 0x00000000ac280000, 0x00000000e0000000)
  object space 199168K, 14% used [0x00000000a0000000,0x00000000a1d104c8,0x00000000ac280000)
 Metaspace       used 69267K, capacity 71084K, committed 71208K, reserved 1110016K
  class space    used 9185K, capacity 9724K, committed 9776K, reserved 1048576K
}
Event: 15.016 GC heap before
{Heap before GC invocations=14 (full 3):
 PSYoungGen      total 314368K, used 314021K [0x00000000e0000000, 0x00000000f5980000, 0x0000000100000000)
  eden space 291328K, 100% used [0x00000000e0000000,0x00000000f1c80000,0x00000000f1c80000)
  from space 23040K, 98% used [0x00000000f4300000,0x00000000f5929618,0x00000000f5980000)
  to   space 25600K, 0% used [0x00000000f2780000,0x00000000f2780000,0x00000000f4080000)
 ParOldGen       total 199168K, used 29761K [0x00000000a0000000, 0x00000000ac280000, 0x00000000e0000000)
  object space 199168K, 14% used [0x00000000a0000000,0x00000000a1d104c8,0x00000000ac280000)
 Metaspace       used 78341K, capacity 81192K, committed 81320K, reserved 1120256K
  class space    used 10616K, capacity 11385K, committed 11440K, reserved 1048576K
Event: 15.048 GC heap after
Heap after GC invocations=14 (full 3):
 PSYoungGen      total 328192K, used 25572K [0x00000000e0000000, 0x00000000fb980000, 0x0000000100000000)
  eden space 302592K, 0% used [0x00000000e0000000,0x00000000e0000000,0x00000000f2780000)
  from space 25600K, 99% used [0x00000000f2780000,0x00000000f4079028,0x00000000f4080000)
  to   space 34304K, 0% used [0x00000000f9800000,0x00000000f9800000,0x00000000fb980000)
 ParOldGen       total 199168K, used 45061K [0x00000000a0000000, 0x00000000ac280000, 0x00000000e0000000)
  object space 199168K, 22% used [0x00000000a0000000,0x00000000a2c016f0,0x00000000ac280000)
 Metaspace       used 78341K, capacity 81192K, committed 81320K, reserved 1120256K
  class space    used 10616K, capacity 11385K, committed 11440K, reserved 1048576K
}

